{"/Users/ricardocarvalho/projects/3-ProjetoSCRUM/Frontend/test/isolateinterfaceUsersscript.js": {"path":"/Users/ricardocarvalho/projects/3-ProjetoSCRUM/Frontend/test/isolateinterfaceUsersscript.js","statementMap":{"0":{"start":{"line":2,"column":2},"end":{"line":11,"column":3}},"1":{"start":{"line":4,"column":6},"end":{"line":4,"column":25}},"2":{"start":{"line":6,"column":6},"end":{"line":6,"column":29}},"3":{"start":{"line":8,"column":6},"end":{"line":8,"column":28}},"4":{"start":{"line":10,"column":6},"end":{"line":10,"column":18}},"5":{"start":{"line":15,"column":22},"end":{"line":15,"column":32}},"6":{"start":{"line":18,"column":18},"end":{"line":27,"column":3}},"7":{"start":{"line":28,"column":25},"end":{"line":28,"column":73}},"8":{"start":{"line":30,"column":26},"end":{"line":30,"column":68}},"9":{"start":{"line":31,"column":2},"end":{"line":31,"column":47}},"10":{"start":{"line":35,"column":13},"end":{"line":35,"column":18}},"11":{"start":{"line":36,"column":2},"end":{"line":50,"column":3}},"12":{"start":{"line":45,"column":4},"end":{"line":45,"column":17}},"13":{"start":{"line":46,"column":4},"end":{"line":46,"column":51}},"14":{"start":{"line":47,"column":4},"end":{"line":47,"column":40}},"15":{"start":{"line":49,"column":4},"end":{"line":49,"column":16}},"16":{"start":{"line":51,"column":2},"end":{"line":51,"column":14}},"17":{"start":{"line":55,"column":2},"end":{"line":87,"column":7}},"18":{"start":{"line":66,"column":6},"end":{"line":70,"column":7}},"19":{"start":{"line":67,"column":8},"end":{"line":67,"column":29}},"20":{"start":{"line":68,"column":13},"end":{"line":70,"column":7}},"21":{"start":{"line":69,"column":8},"end":{"line":69,"column":31}},"22":{"start":{"line":71,"column":6},"end":{"line":71,"column":29}},"23":{"start":{"line":74,"column":6},"end":{"line":74,"column":24}},"24":{"start":{"line":75,"column":6},"end":{"line":75,"column":48}},"25":{"start":{"line":76,"column":6},"end":{"line":76,"column":46}},"26":{"start":{"line":77,"column":6},"end":{"line":77,"column":49}},"27":{"start":{"line":78,"column":6},"end":{"line":78,"column":46}},"28":{"start":{"line":82,"column":6},"end":{"line":86,"column":7}},"29":{"start":{"line":83,"column":8},"end":{"line":83,"column":30}},"30":{"start":{"line":84,"column":13},"end":{"line":86,"column":7}},"31":{"start":{"line":85,"column":8},"end":{"line":85,"column":67}},"32":{"start":{"line":90,"column":0},"end":{"line":90,"column":79}}},"fnMap":{"0":{"name":"getRoleFullName","decl":{"start":{"line":1,"column":9},"end":{"line":1,"column":24}},"loc":{"start":{"line":1,"column":31},"end":{"line":12,"column":1}},"line":1},"1":{"name":"displayDateTime","decl":{"start":{"line":14,"column":9},"end":{"line":14,"column":24}},"loc":{"start":{"line":14,"column":27},"end":{"line":32,"column":1}},"line":14},"2":{"name":"verifyFields","decl":{"start":{"line":34,"column":9},"end":{"line":34,"column":21}},"loc":{"start":{"line":34,"column":44},"end":{"line":52,"column":1}},"line":34},"3":{"name":"loginUser","decl":{"start":{"line":54,"column":9},"end":{"line":54,"column":18}},"loc":{"start":{"line":54,"column":39},"end":{"line":88,"column":1}},"line":54},"4":{"name":"(anonymous_4)","decl":{"start":{"line":65,"column":10},"end":{"line":65,"column":11}},"loc":{"start":{"line":65,"column":24},"end":{"line":72,"column":5}},"line":65},"5":{"name":"(anonymous_5)","decl":{"start":{"line":73,"column":10},"end":{"line":73,"column":11}},"loc":{"start":{"line":73,"column":20},"end":{"line":79,"column":5}},"line":73},"6":{"name":"(anonymous_6)","decl":{"start":{"line":80,"column":11},"end":{"line":80,"column":12}},"loc":{"start":{"line":80,"column":22},"end":{"line":87,"column":5}},"line":80}},"branchMap":{"0":{"loc":{"start":{"line":2,"column":2},"end":{"line":11,"column":3}},"type":"switch","locations":[{"start":{"line":3,"column":4},"end":{"line":4,"column":25}},{"start":{"line":5,"column":4},"end":{"line":6,"column":29}},{"start":{"line":7,"column":4},"end":{"line":8,"column":28}},{"start":{"line":9,"column":4},"end":{"line":10,"column":18}}],"line":2},"1":{"loc":{"start":{"line":36,"column":2},"end":{"line":50,"column":3}},"type":"if","locations":[{"start":{"line":36,"column":2},"end":{"line":50,"column":3}},{"start":{"line":48,"column":9},"end":{"line":50,"column":3}}],"line":36},"2":{"loc":{"start":{"line":37,"column":4},"end":{"line":43,"column":41}},"type":"binary-expr","locations":[{"start":{"line":37,"column":4},"end":{"line":37,"column":44}},{"start":{"line":38,"column":4},"end":{"line":38,"column":44}},{"start":{"line":39,"column":4},"end":{"line":39,"column":41}},{"start":{"line":40,"column":4},"end":{"line":40,"column":45}},{"start":{"line":41,"column":4},"end":{"line":41,"column":44}},{"start":{"line":42,"column":4},"end":{"line":42,"column":41}},{"start":{"line":43,"column":4},"end":{"line":43,"column":41}}],"line":37},"3":{"loc":{"start":{"line":66,"column":6},"end":{"line":70,"column":7}},"type":"if","locations":[{"start":{"line":66,"column":6},"end":{"line":70,"column":7}},{"start":{"line":68,"column":13},"end":{"line":70,"column":7}}],"line":66},"4":{"loc":{"start":{"line":68,"column":13},"end":{"line":70,"column":7}},"type":"if","locations":[{"start":{"line":68,"column":13},"end":{"line":70,"column":7}},{"start":{},"end":{}}],"line":68},"5":{"loc":{"start":{"line":82,"column":6},"end":{"line":86,"column":7}},"type":"if","locations":[{"start":{"line":82,"column":6},"end":{"line":86,"column":7}},{"start":{"line":84,"column":13},"end":{"line":86,"column":7}}],"line":82},"6":{"loc":{"start":{"line":84,"column":13},"end":{"line":86,"column":7}},"type":"if","locations":[{"start":{"line":84,"column":13},"end":{"line":86,"column":7}},{"start":{},"end":{}}],"line":84}},"s":{"0":4,"1":1,"2":1,"3":1,"4":1,"5":2,"6":2,"7":2,"8":2,"9":2,"10":2,"11":2,"12":1,"13":1,"14":1,"15":1,"16":2,"17":2,"18":2,"19":2,"20":0,"21":0,"22":0,"23":0,"24":0,"25":0,"26":0,"27":0,"28":2,"29":0,"30":2,"31":0,"32":1},"f":{"0":4,"1":2,"2":2,"3":2,"4":2,"5":0,"6":2},"b":{"0":[1,1,1,1],"1":[1,1],"2":[2,1,1,1,1,1,1],"3":[2,0],"4":[0,0],"5":[0,2],"6":[0,2]},"_coverageSchema":"1a1c01bbd47fc00a2c39e90264f33305004495a9","hash":"bbb75a39c2cb22af0472c5e03bca171969b35e8d"}
}
