TN:
SF:test/isolateinterfaceUsersscript.js
FN:1,getRoleFullName
FN:14,displayDateTime
FN:34,verifyFields
FN:54,loginUser
FN:65,(anonymous_4)
FN:73,(anonymous_5)
FN:80,(anonymous_6)
FNF:7
FNH:6
FNDA:4,getRoleFullName
FNDA:2,displayDateTime
FNDA:2,verifyFields
FNDA:2,loginUser
FNDA:2,(anonymous_4)
FNDA:0,(anonymous_5)
FNDA:2,(anonymous_6)
DA:2,4
DA:4,1
DA:6,1
DA:8,1
DA:10,1
DA:15,2
DA:18,2
DA:28,2
DA:30,2
DA:31,2
DA:35,2
DA:36,2
DA:45,1
DA:46,1
DA:47,1
DA:49,1
DA:51,2
DA:55,2
DA:66,2
DA:67,2
DA:68,0
DA:69,0
DA:71,0
DA:74,0
DA:75,0
DA:76,0
DA:77,0
DA:78,0
DA:82,2
DA:83,0
DA:84,2
DA:85,0
DA:90,1
LF:33
LH:23
BRDA:2,0,0,1
BRDA:2,0,1,1
BRDA:2,0,2,1
BRDA:2,0,3,1
BRDA:36,1,0,1
BRDA:36,1,1,1
BRDA:37,2,0,2
BRDA:37,2,1,1
BRDA:37,2,2,1
BRDA:37,2,3,1
BRDA:37,2,4,1
BRDA:37,2,5,1
BRDA:37,2,6,1
BRDA:66,3,0,2
BRDA:66,3,1,0
BRDA:68,4,0,0
BRDA:68,4,1,0
BRDA:82,5,0,0
BRDA:82,5,1,2
BRDA:84,6,0,0
BRDA:84,6,1,2
BRF:21
BRH:16
end_of_record
